Using pre-set license
Built from '2020.3/staging' branch; Version is '2020.3.17f1 (a4537701e4ab) revision 10769271'; Using compiler version '192528614'; Build Type 'Release'
OS: 'Windows 10 Home Single Language; OS build 19043.1348; Version 2009; 64bit' Language: 'en' Physical Memory: 16169 MB
BatchMode: 1, IsHumanControllingUs: 0, StartBugReporterOnCrash: 0, Is64bit: 1, IsPro: 0

COMMAND LINE ARGUMENTS:
C:\Program Files\Unity\Hub\Editor\2020.3.17f1\Editor\Unity.exe
-adb2
-batchMode
-noUpm
-name
AssetImportWorker0
-projectPath
C:/Users/fluke/Documents/GitHub/BVW-Unity-VR/VR Room Project
-logFile
Logs/AssetImportWorker0.log
-srvPort
55193
Successfully changed project path to: C:/Users/fluke/Documents/GitHub/BVW-Unity-VR/VR Room Project
C:/Users/fluke/Documents/GitHub/BVW-Unity-VR/VR Room Project
Using Asset Import Pipeline V2.
Assets/GymAssests/uploads-files-669576-aeq3vjprnoqo-Bleachers-1/bleachers.c4d: Unity no longer supports importing Cinema 4D files directly, but we're working with Maxon to make the experience better. To import Cinema 4D files, install Maxon's external importer. You can find more information on the Unity Forum: https://on.unity.com/c4d.

Please note that FBX files exported from Cinema4D are still supported.

Refreshing native plugins compatible for Editor in 99.37 ms, found 10 plugins.
Preloading 1 native plugins for Editor in 1.08 ms.
Initialize engine version: 2020.3.17f1 (a4537701e4ab)
[Subsystems] Discovering subsystems at path C:/Program Files/Unity/Hub/Editor/2020.3.17f1/Editor/Data/Resources/UnitySubsystems
[Subsystems] Discovering subsystems at path C:/Users/fluke/Documents/GitHub/BVW-Unity-VR/VR Room Project/Assets
GfxDevice: creating device client; threaded=0
Direct3D:
    Version:  Direct3D 11.0 [level 11.1]
    Renderer: NVIDIA GeForce GTX 1660 Ti (ID=0x2191)
    Vendor:   
    VRAM:     5991 MB
    Driver:   30.0.14.9709
Initialize mono
Mono path[0] = 'C:/Program Files/Unity/Hub/Editor/2020.3.17f1/Editor/Data/Managed'
Mono path[1] = 'C:/Program Files/Unity/Hub/Editor/2020.3.17f1/Editor/Data/MonoBleedingEdge/lib/mono/unityjit'
Mono config path = 'C:/Program Files/Unity/Hub/Editor/2020.3.17f1/Editor/Data/MonoBleedingEdge/etc'
Using monoOptions --debugger-agent=transport=dt_socket,embedding=1,server=y,suspend=n,address=127.0.0.1:56404
Begin MonoManager ReloadAssembly
Registering precompiled unity dll's ...
Register platform support module: C:/Program Files/Unity/Hub/Editor/2020.3.17f1/Editor/Data/PlaybackEngines/WebGLSupport/UnityEditor.WebGL.Extensions.dll
Register platform support module: C:/Program Files/Unity/Hub/Editor/2020.3.17f1/Editor/Data/PlaybackEngines/MacStandaloneSupport/UnityEditor.OSXStandalone.Extensions.dll
Register platform support module: C:/Program Files/Unity/Hub/Editor/2020.3.17f1/Editor/Data/PlaybackEngines/WindowsStandaloneSupport/UnityEditor.WindowsStandalone.Extensions.dll
Registered in 0.003308 seconds.
Native extension for WindowsStandalone target not found
Native extension for OSXStandalone target not found
Native extension for WebGL target not found
Assets/GymAssests/uploads-files-669576-aeq3vjprnoqo-Bleachers-1/bleachers.c4d: Unity no longer supports importing Cinema 4D files directly, but we're working with Maxon to make the experience better. To import Cinema 4D files, install Maxon's external importer. You can find more information on the Unity Forum: https://on.unity.com/c4d.

Please note that FBX files exported from Cinema4D are still supported.

Refreshing native plugins compatible for Editor in 76.20 ms, found 10 plugins.
Preloading 1 native plugins for Editor in 0.08 ms.
Mono: successfully reloaded assembly
- Completed reload, in  1.149 seconds
Domain Reload Profiling:
	ReloadAssembly (1149ms)
		BeginReloadAssembly (49ms)
			ExecutionOrderSort (0ms)
			DisableScriptedObjects (0ms)
			BackupInstance (0ms)
			ReleaseScriptingObjects (0ms)
			CreateAndSetChildDomain (1ms)
		EndReloadAssembly (422ms)
			LoadAssemblies (48ms)
			RebuildTransferFunctionScriptingTraits (0ms)
			SetupTypeCache (136ms)
			ReleaseScriptCaches (0ms)
			RebuildScriptCaches (25ms)
			SetupLoadedEditorAssemblies (195ms)
				LogAssemblyErrors (0ms)
				InitializePlatformSupportModulesInManaged (6ms)
				SetLoadedEditorAssemblies (0ms)
				RefreshPlugins (76ms)
				BeforeProcessingInitializeOnLoad (14ms)
				ProcessInitializeOnLoadAttributes (74ms)
				ProcessInitializeOnLoadMethodAttributes (25ms)
				AfterProcessingInitializeOnLoad (0ms)
				EditorAssembliesLoaded (0ms)
			ExecutionOrderSort2 (0ms)
			AwakeInstancesAfterBackupRestoration (0ms)
Platform modules already initialized, skipping
Registering precompiled user dll's ...
Registered in 0.010719 seconds.
Begin MonoManager ReloadAssembly
Symbol file data-0000020D981C2040 doesn't match image C:\Users\fluke\Documents\GitHub\BVW-Unity-VR\VR Room Project\Library\ScriptAssemblies\Unity.VSCode.Editor.dll
Symbol file LoadedFromMemory is not a mono symbol file
Symbol file data-0000020D723989A0 doesn't match image C:\Users\fluke\Documents\GitHub\BVW-Unity-VR\VR Room Project\Library\ScriptAssemblies\Unity.RenderPipelines.Universal.Shaders.dll
Symbol file LoadedFromMemory is not a mono symbol file
Symbol file data-0000020D967F0690 doesn't match image C:\Users\fluke\Documents\GitHub\BVW-Unity-VR\VR Room Project\Library\ScriptAssemblies\Unity.TextMeshPro.Editor.dll
Symbol file LoadedFromMemory is not a mono symbol file
Symbol file data-0000020D967F0690 doesn't match image C:\Users\fluke\Documents\GitHub\BVW-Unity-VR\VR Room Project\Library\ScriptAssemblies\UnityEditor.TestRunner.dll
Symbol file LoadedFromMemory is not a mono symbol file
Symbol file data-0000020D723943C0 doesn't match image C:\Users\fluke\Documents\GitHub\BVW-Unity-VR\VR Room Project\Library\ScriptAssemblies\Unity.Searcher.Editor.dll
Symbol file LoadedFromMemory is not a mono symbol file
Symbol file data-0000020D72937450 doesn't match image C:\Users\fluke\Documents\GitHub\BVW-Unity-VR\VR Room Project\Library\ScriptAssemblies\Unity.ShaderGraph.Utilities.dll
Symbol file LoadedFromMemory is not a mono symbol file
Symbol file data-0000020D723ED010 doesn't match image C:\Users\fluke\Documents\GitHub\BVW-Unity-VR\VR Room Project\Library\ScriptAssemblies\Unity.ProBuilder.dll
Symbol file LoadedFromMemory is not a mono symbol file
Symbol file data-0000020D968050A0 doesn't match image C:\Users\fluke\Documents\GitHub\BVW-Unity-VR\VR Room Project\Library\ScriptAssemblies\UnityEditor.UI.dll
Symbol file LoadedFromMemory is not a mono symbol file
Symbol file data-0000020D9748A030 doesn't match image C:\Users\fluke\Documents\GitHub\BVW-Unity-VR\VR Room Project\Library\ScriptAssemblies\Unity.InputSystem.dll
Symbol file LoadedFromMemory is not a mono symbol file
Symbol file data-0000020D968050A0 doesn't match image C:\Users\fluke\Documents\GitHub\BVW-Unity-VR\VR Room Project\Library\ScriptAssemblies\Unity.Rider.Editor.dll
Symbol file LoadedFromMemory is not a mono symbol file
Symbol file data-0000020D72C23040 doesn't match image C:\Users\fluke\Documents\GitHub\BVW-Unity-VR\VR Room Project\Library\ScriptAssemblies\Unity.RenderPipelines.Core.ShaderLibrary.dll
Symbol file LoadedFromMemory is not a mono symbol file
Symbol file data-0000020D723FEC20 doesn't match image C:\Users\fluke\Documents\GitHub\BVW-Unity-VR\VR Room Project\Library\ScriptAssemblies\UnityEngine.UI.dll
Symbol file LoadedFromMemory is not a mono symbol file
Symbol file data-0000020D728966B0 doesn't match image C:\Users\fluke\Documents\GitHub\BVW-Unity-VR\VR Room Project\Library\ScriptAssemblies\UnityEngine.SpatialTracking.dll
Symbol file LoadedFromMemory is not a mono symbol file
Symbol file data-0000020D97D65030 doesn't match image C:\Users\fluke\Documents\GitHub\BVW-Unity-VR\VR Room Project\Library\ScriptAssemblies\Unity.ProBuilder.Poly2Tri.dll
Symbol file LoadedFromMemory is not a mono symbol file
Symbol file data-0000020D9748A030 doesn't match image C:\Users\fluke\Documents\GitHub\BVW-Unity-VR\VR Room Project\Library\ScriptAssemblies\Unity.ShaderGraph.Editor.dll
Symbol file LoadedFromMemory is not a mono symbol file
Symbol file data-0000020D723FEC20 doesn't match image C:\Users\fluke\Documents\GitHub\BVW-Unity-VR\VR Room Project\Library\ScriptAssemblies\Cinemachine.dll
Symbol file LoadedFromMemory is not a mono symbol file
Symbol file data-0000020D96D6B010 doesn't match image C:\Users\fluke\Documents\GitHub\BVW-Unity-VR\VR Room Project\Library\ScriptAssemblies\com.unity.cinemachine.editor.dll
Symbol file LoadedFromMemory is not a mono symbol file
Symbol file data-0000020D723943C0 doesn't match image C:\Users\fluke\Documents\GitHub\BVW-Unity-VR\VR Room Project\Library\ScriptAssemblies\Unity.Settings.Editor.dll
Symbol file LoadedFromMemory is not a mono symbol file
Symbol file data-0000020D723987B0 doesn't match image C:\Users\fluke\Documents\GitHub\BVW-Unity-VR\VR Room Project\Library\ScriptAssemblies\Unity.RenderPipeline.Universal.ShaderLibrary.dll
Symbol file LoadedFromMemory is not a mono symbol file
Symbol file data-0000020D72B89520 doesn't match image C:\Users\fluke\Documents\GitHub\BVW-Unity-VR\VR Room Project\Library\ScriptAssemblies\Unity.XR.Management.dll
Symbol file LoadedFromMemory is not a mono symbol file
Symbol file data-0000020D96D91220 doesn't match image C:\Users\fluke\Documents\GitHub\BVW-Unity-VR\VR Room Project\Library\ScriptAssemblies\Unity.CollabProxy.Editor.dll
Symbol file LoadedFromMemory is not a mono symbol file
Symbol file data-0000020D725C0430 doesn't match image C:\Users\fluke\Documents\GitHub\BVW-Unity-VR\VR Room Project\Library\ScriptAssemblies\Unity.Mathematics.Editor.dll
Symbol file LoadedFromMemory is not a mono symbol file
Symbol file data-0000020D728966B0 doesn't match image C:\Users\fluke\Documents\GitHub\BVW-Unity-VR\VR Room Project\Library\ScriptAssemblies\Unity.XR.OpenXR.Features.RuntimeDebugger.dll
Symbol file LoadedFromMemory is not a mono symbol file
Symbol file data-0000020D726220C0 doesn't match image C:\Users\fluke\Documents\GitHub\BVW-Unity-VR\VR Room Project\Library\ScriptAssemblies\Unity.XR.Oculus.Editor.dll
Symbol file LoadedFromMemory is not a mono symbol file
Symbol file data-0000020D722078B0 doesn't match image C:\Users\fluke\Documents\GitHub\BVW-Unity-VR\VR Room Project\Library\ScriptAssemblies\Unity.ProGrids.dll
Symbol file LoadedFromMemory is not a mono symbol file
Symbol file data-0000020D9680AF80 doesn't match image C:\Users\fluke\Documents\GitHub\BVW-Unity-VR\VR Room Project\Library\ScriptAssemblies\Unity.XR.OpenXR.Features.MockDriver.dll
Symbol file LoadedFromMemory is not a mono symbol file
Symbol file data-0000020D96BC7010 doesn't match image C:\Users\fluke\Documents\GitHub\BVW-Unity-VR\VR Room Project\Library\ScriptAssemblies\Unity.RenderPipelines.Universal.Runtime.dll
Symbol file LoadedFromMemory is not a mono symbol file
Symbol file data-0000020D6D0B0580 doesn't match image C:\Users\fluke\Documents\GitHub\BVW-Unity-VR\VR Room Project\Library\ScriptAssemblies\Unity.ProBuilder.AddOns.Editor.dll
Symbol file LoadedFromMemory is not a mono symbol file
Symbol file data-0000020D72617430 doesn't match image C:\Users\fluke\Documents\GitHub\BVW-Unity-VR\VR Room Project\Library\ScriptAssemblies\Unity.VisualStudio.Editor.dll
Symbol file LoadedFromMemory is not a mono symbol file
Symbol file data-0000020D7204DF20 doesn't match image C:\Users\fluke\Documents\GitHub\BVW-Unity-VR\VR Room Project\Library\ScriptAssemblies\Unity.XR.OpenXR.Features.OculusQuestSupport.Editor.dll
Symbol file LoadedFromMemory is not a mono symbol file
Symbol file data-0000020D96BF6830 doesn't match image C:\Users\fluke\Documents\GitHub\BVW-Unity-VR\VR Room Project\Library\ScriptAssemblies\UnityEngine.TestRunner.dll
Symbol file LoadedFromMemory is not a mono symbol file
Symbol file data-0000020D72617430 doesn't match image C:\Users\fluke\Documents\GitHub\BVW-Unity-VR\VR Room Project\Library\ScriptAssemblies\Unity.XR.Management.Editor.dll
Symbol file LoadedFromMemory is not a mono symbol file
Symbol file data-0000020D97193420 doesn't match image C:\Users\fluke\Documents\GitHub\BVW-Unity-VR\VR Room Project\Library\ScriptAssemblies\Unity.Timeline.dll
Symbol file LoadedFromMemory is not a mono symbol file
Symbol file data-0000020D97250010 doesn't match image C:\Users\fluke\Documents\GitHub\BVW-Unity-VR\VR Room Project\Library\ScriptAssemblies\Unity.TextMeshPro.dll
Symbol file LoadedFromMemory is not a mono symbol file
Symbol file data-0000020D97226C20 doesn't match image C:\Users\fluke\Documents\GitHub\BVW-Unity-VR\VR Room Project\Library\ScriptAssemblies\Unity.XR.Interaction.Toolkit.dll
Symbol file LoadedFromMemory is not a mono symbol file
Symbol file data-0000020D96952560 doesn't match image C:\Users\fluke\Documents\GitHub\BVW-Unity-VR\VR Room Project\Library\ScriptAssemblies\Unity.ProBuilder.Csg.dll
Symbol file LoadedFromMemory is not a mono symbol file
Symbol file data-0000020D97D68A40 doesn't match image C:\Users\fluke\Documents\GitHub\BVW-Unity-VR\VR Room Project\Library\ScriptAssemblies\Unity.XR.OpenXR.Features.MockRuntime.dll
Symbol file LoadedFromMemory is not a mono symbol file
Symbol file data-0000020D97226C20 doesn't match image C:\Users\fluke\Documents\GitHub\BVW-Unity-VR\VR Room Project\Library\ScriptAssemblies\Unity.2D.Sprite.Editor.dll
Symbol file LoadedFromMemory is not a mono symbol file
Symbol file data-0000020D96C42020 doesn't match image C:\Users\fluke\Documents\GitHub\BVW-Unity-VR\VR Room Project\Library\ScriptAssemblies\Unity.RenderPipelines.Core.Runtime.dll
Symbol file LoadedFromMemory is not a mono symbol file
Symbol file data-0000020D96B4E060 doesn't match image C:\Users\fluke\Documents\GitHub\BVW-Unity-VR\VR Room Project\Library\ScriptAssemblies\Unity.Subsystem.Registration.dll
Symbol file LoadedFromMemory is not a mono symbol file
Symbol file data-0000020D975F0C50 doesn't match image C:\Users\fluke\Documents\GitHub\BVW-Unity-VR\VR Room Project\Library\ScriptAssemblies\Unity.ProBuilder.Editor.dll
Symbol file LoadedFromMemory is not a mono symbol file
Symbol file data-0000020D975F0C50 doesn't match image C:\Users\fluke\Documents\GitHub\BVW-Unity-VR\VR Room Project\Library\ScriptAssemblies\Unity.PlasticSCM.Editor.dll
Symbol file LoadedFromMemory is not a mono symbol file
Symbol file data-0000020D726562D0 doesn't match image C:\Users\fluke\Documents\GitHub\BVW-Unity-VR\VR Room Project\Library\ScriptAssemblies\Unity.ProGrids.Editor.dll
Symbol file LoadedFromMemory is not a mono symbol file
Symbol file data-0000020D72841B70 doesn't match image C:\Users\fluke\Documents\GitHub\BVW-Unity-VR\VR Room Project\Library\ScriptAssemblies\Unity.XR.OpenXR.Features.OculusQuestSupport.dll
Symbol file LoadedFromMemory is not a mono symbol file
Symbol file data-0000020D726FA620 doesn't match image C:\Users\fluke\Documents\GitHub\BVW-Unity-VR\VR Room Project\Library\ScriptAssemblies\Unity.Mathematics.dll
Symbol file LoadedFromMemory is not a mono symbol file
Symbol file data-0000020D7265FF50 doesn't match image C:\Users\fluke\Documents\GitHub\BVW-Unity-VR\VR Room Project\Library\ScriptAssemblies\Unity.ProBuilder.KdTree.dll
Symbol file LoadedFromMemory is not a mono symbol file
Symbol file data-0000020D72937450 doesn't match image C:\Users\fluke\Documents\GitHub\BVW-Unity-VR\VR Room Project\Library\ScriptAssemblies\Unity.XR.OpenXR.TestHelpers.dll
Symbol file LoadedFromMemory is not a mono symbol file
Symbol file data-0000020D97193420 doesn't match image C:\Users\fluke\Documents\GitHub\BVW-Unity-VR\VR Room Project\Library\ScriptAssemblies\Unity.RenderPipelines.Universal.Editor.dll
Symbol file LoadedFromMemory is not a mono symbol file
Symbol file data-0000020D9846EC70 doesn't match image C:\Users\fluke\Documents\GitHub\BVW-Unity-VR\VR Room Project\Library\ScriptAssemblies\Unity.ProBuilder.AssetIdRemapUtility.dll
Symbol file LoadedFromMemory is not a mono symbol file
Symbol file data-0000020D7265FF50 doesn't match image C:\Users\fluke\Documents\GitHub\BVW-Unity-VR\VR Room Project\Library\ScriptAssemblies\UnityEngine.XR.LegacyInputHelpers.dll
Symbol file LoadedFromMemory is not a mono symbol file
Symbol file data-0000020D72B89520 doesn't match image C:\Users\fluke\Documents\GitHub\BVW-Unity-VR\VR Room Project\Library\ScriptAssemblies\Unity.ProBuilder.Stl.dll
Symbol file LoadedFromMemory is not a mono symbol file
Symbol file data-0000020D971B1A40 doesn't match image C:\Users\fluke\Documents\GitHub\BVW-Unity-VR\VR Room Project\Library\ScriptAssemblies\Unity.XR.OpenXR.Editor.dll
Symbol file LoadedFromMemory is not a mono symbol file
Symbol file data-0000020D7265DCF0 doesn't match image C:\Users\fluke\Documents\GitHub\BVW-Unity-VR\VR Room Project\Library\ScriptAssemblies\Unity.RenderPipelines.ShaderGraph.ShaderGraphLibrary.dll
Symbol file LoadedFromMemory is not a mono symbol file
Symbol file data-0000020D96C6F010 doesn't match image C:\Users\fluke\Documents\GitHub\BVW-Unity-VR\VR Room Project\Library\ScriptAssemblies\Unity.Timeline.Editor.dll
Symbol file LoadedFromMemory is not a mono symbol file
Symbol file data-0000020D726220C0 doesn't match image C:\Users\fluke\Documents\GitHub\BVW-Unity-VR\VR Room Project\Library\ScriptAssemblies\UnityEditor.XR.LegacyInputHelpers.dll
Symbol file LoadedFromMemory is not a mono symbol file
Symbol file data-0000020D72B422B0 doesn't match image C:\Users\fluke\Documents\GitHub\BVW-Unity-VR\VR Room Project\Library\ScriptAssemblies\Unity.XR.OpenXR.dll
Symbol file LoadedFromMemory is not a mono symbol file
Symbol file data-0000020D72B422B0 doesn't match image C:\Users\fluke\Documents\GitHub\BVW-Unity-VR\VR Room Project\Library\ScriptAssemblies\Unity.XR.Interaction.Toolkit.Editor.dll
Symbol file LoadedFromMemory is not a mono symbol file
Symbol file data-0000020D9728F230 doesn't match image C:\Users\fluke\Documents\GitHub\BVW-Unity-VR\VR Room Project\Library\ScriptAssemblies\Unity.XR.Oculus.dll
Symbol file LoadedFromMemory is not a mono symbol file
Symbol file data-0000020D981B0060 doesn't match image C:\Users\fluke\Documents\GitHub\BVW-Unity-VR\VR Room Project\Library\ScriptAssemblies\UnityEditor.SpatialTracking.dll
Symbol file LoadedFromMemory is not a mono symbol file
Symbol file data-0000020D982A2B80 doesn't match image C:\Users\fluke\Documents\GitHub\BVW-Unity-VR\VR Room Project\Library\ScriptAssemblies\Unity.XR.OpenXR.Features.ConformanceAutomation.dll
Symbol file LoadedFromMemory is not a mono symbol file
Symbol file data-0000020D96C6F010 doesn't match image C:\Users\fluke\Documents\GitHub\BVW-Unity-VR\VR Room Project\Library\ScriptAssemblies\Unity.RenderPipelines.Core.Editor.dll
Symbol file LoadedFromMemory is not a mono symbol file
Symbol file data-0000020D97D68A40 doesn't match image C:\Users\fluke\Documents\GitHub\BVW-Unity-VR\VR Room Project\Library\ScriptAssemblies\Unity.XR.OpenXR.Features.RuntimeDebugger.Editor.dll
Symbol file LoadedFromMemory is not a mono symbol file
Native extension for WindowsStandalone target not found
Native extension for OSXStandalone target not found
Native extension for WebGL target not found
Assets/GymAssests/uploads-files-669576-aeq3vjprnoqo-Bleachers-1/bleachers.c4d: Unity no longer supports importing Cinema 4D files directly, but we're working with Maxon to make the experience better. To import Cinema 4D files, install Maxon's external importer. You can find more information on the Unity Forum: https://on.unity.com/c4d.

Please note that FBX files exported from Cinema4D are still supported.

Refreshing native plugins compatible for Editor in 81.26 ms, found 10 plugins.
Preloading 1 native plugins for Editor in 0.08 ms.
[XR] OculusXRPlugin: registering subsystems
[XR] Unable to register display lifecyle provider: [1]
[XR] Oculus Input lifecycle provider registered.
[XR] Unable to register input lifecyle provider: [1]
System.Reflection.TargetInvocationException: Exception has been thrown by the target of an invocation. ---> System.NullReferenceException: Object reference not set to an instance of an object
  at Unity.XR.Oculus.OculusLoader.AssetPathToAbsolutePath (System.String assetPath) [0x0004e] in <ab6bdb82201f40fb8d9265329f496d81>:0 
  at Unity.XR.Oculus.OculusLoader.EditorLoadOVRPlugin () [0x0007b] in <ab6bdb82201f40fb8d9265329f496d81>:0 
  at (wrapper managed-to-native) System.Reflection.MonoMethod.InternalInvoke(System.Reflection.MonoMethod,object,object[],System.Exception&)
  at System.Reflection.MonoMethod.Invoke (System.Object obj, System.Reflection.BindingFlags invokeAttr, System.Reflection.Binder binder, System.Object[] parameters, System.Globalization.CultureInfo culture) [0x00032] in <695d1cc93cca45069c528c15c9fdd749>:0 
   --- End of inner exception stack trace ---
  at System.Reflection.MonoMethod.Invoke (System.Object obj, System.Reflection.BindingFlags invokeAttr, System.Reflection.Binder binder, System.Object[] parameters, System.Globalization.CultureInfo culture) [0x00048] in <695d1cc93cca45069c528c15c9fdd749>:0 
  at System.Reflection.MethodBase.Invoke (System.Object obj, System.Object[] parameters) [0x00000] in <695d1cc93cca45069c528c15c9fdd749>:0 
  at UnityEditor.EditorAssemblies.ProcessInitializeOnLoadMethodAttributes () [0x00047] in <d0e4b8c1204147f3935b6e9c8b8565ad>:0 
UnityEngine.StackTraceUtility:ExtractStackTrace ()
UnityEngine.DebugLogHandler:LogFormat (UnityEngine.LogType,UnityEngine.Object,string,object[])
UnityEngine.Logger:Log (UnityEngine.LogType,object)
UnityEngine.Debug:LogError (object)
UnityEditor.EditorAssemblies:ProcessInitializeOnLoadMethodAttributes ()

Mono: successfully reloaded assembly
- Completed reload, in  1.372 seconds
Domain Reload Profiling:
	ReloadAssembly (1373ms)
		BeginReloadAssembly (127ms)
			ExecutionOrderSort (0ms)
			DisableScriptedObjects (4ms)
			BackupInstance (0ms)
			ReleaseScriptingObjects (0ms)
			CreateAndSetChildDomain (15ms)
		EndReloadAssembly (1189ms)
			LoadAssemblies (104ms)
			RebuildTransferFunctionScriptingTraits (0ms)
			SetupTypeCache (317ms)
			ReleaseScriptCaches (1ms)
			RebuildScriptCaches (57ms)
			SetupLoadedEditorAssemblies (547ms)
				LogAssemblyErrors (0ms)
				InitializePlatformSupportModulesInManaged (5ms)
				SetLoadedEditorAssemblies (0ms)
				RefreshPlugins (81ms)
				BeforeProcessingInitializeOnLoad (112ms)
				ProcessInitializeOnLoadAttributes (328ms)
				ProcessInitializeOnLoadMethodAttributes (13ms)
				AfterProcessingInitializeOnLoad (7ms)
				EditorAssembliesLoaded (0ms)
			ExecutionOrderSort2 (0ms)
			AwakeInstancesAfterBackupRestoration (5ms)
Platform modules already initialized, skipping
Assets/GymAssests/uploads-files-669576-aeq3vjprnoqo-Bleachers-1/bleachers.c4d: Unity no longer supports importing Cinema 4D files directly, but we're working with Maxon to make the experience better. To import Cinema 4D files, install Maxon's external importer. You can find more information on the Unity Forum: https://on.unity.com/c4d.

Please note that FBX files exported from Cinema4D are still supported.

========================================================================
Worker process is ready to serve import requests
Assets/GymAssests/uploads-files-669576-aeq3vjprnoqo-Bleachers-1/bleachers.c4d: Unity no longer supports importing Cinema 4D files directly, but we're working with Maxon to make the experience better. To import Cinema 4D files, install Maxon's external importer. You can find more information on the Unity Forum: https://on.unity.com/c4d.

Please note that FBX files exported from Cinema4D are still supported.

Launched and connected shader compiler UnityShaderCompiler.exe after 0.06 seconds
Refreshing native plugins compatible for Editor in 1.07 ms, found 10 plugins.
Preloading 1 native plugins for Editor in 0.09 ms.
Unloading 3920 Unused Serialized files (Serialized files now loaded: 0)
System memory in use before: 261.4 MB.
System memory in use after: 261.4 MB.

Unloading 42 unused Assets to reduce memory usage. Loaded Objects now: 4438.
Total: 3.906600 ms (FindLiveObjects: 0.326300 ms CreateObjectMapping: 0.280800 ms MarkObjects: 3.147600 ms  DeleteObjects: 0.151200 ms)

AssetImportParameters requested are different than current active one (requested -> active):
  custom:framework-win-MediaFoundation: 216162199b28c13a410421893ffa2e32 -> 
  custom:video-decoder-ogg-theora: a1e56fd34408186e4bbccfd4996cb3dc -> 
  custom:container-muxer-webm: aa71ff27fc2769a1b78a27578f13a17b -> 
  custom:container-demuxer-webm: 4f35f7cbe854078d1ac9338744f61a02 -> 
  custom:container-demuxer-ogg: 62fdf1f143b41e24485cea50d1cbac27 -> 
  custom:video-encoder-webm-vp8: eb34c28f22e8b96e1ab97ce403110664 -> 
  custom:video-codec-MediaFoundation-h265: 746d11721c4dcdbdad8f713fa42b33f4 -> 
  custom:video-decoder-webm-vp8: 9c59270c3fd7afecdb556c50c9e8de78 -> 
  custom:audio-decoder-ogg-vorbis: bf7c407c2cedff20999df2af8eb42d56 -> 
  custom:audio-encoder-webm-vorbis: bf7c407c2cedff20999df2af8eb42d56 -> 
========================================================================
Received Import Request.
  path: Assets/Scenes/ProudPamNew.unity
  artifactKey: Guid(aab7b23c6805a3045a85c755f29b0f11) Importer(815301076,1909f56bfc062723c751e8b465ee728b)
Start importing Assets/Scenes/ProudPamNew.unity using Guid(aab7b23c6805a3045a85c755f29b0f11) Importer(815301076,1909f56bfc062723c751e8b465ee728b)  -> (artifact id: '0dba83614c5de3897a5ba5cd8234b3d9') in 0.020461 seconds 
  Import took 0.025685 seconds .

========================================================================
Received Prepare
Assets/GymAssests/uploads-files-669576-aeq3vjprnoqo-Bleachers-1/bleachers.c4d: Unity no longer supports importing Cinema 4D files directly, but we're working with Maxon to make the experience better. To import Cinema 4D files, install Maxon's external importer. You can find more information on the Unity Forum: https://on.unity.com/c4d.

Please note that FBX files exported from Cinema4D are still supported.

Registering precompiled user dll's ...
Registered in 0.375674 seconds.
Begin MonoManager ReloadAssembly
Symbol file data-0000020DA30E90B0 doesn't match image C:\Users\fluke\Documents\GitHub\BVW-Unity-VR\VR Room Project\Library\ScriptAssemblies\Unity.VSCode.Editor.dll
Symbol file LoadedFromMemory is not a mono symbol file
Symbol file data-0000020D72398D80 doesn't match image C:\Users\fluke\Documents\GitHub\BVW-Unity-VR\VR Room Project\Library\ScriptAssemblies\Unity.RenderPipelines.Universal.Shaders.dll
Symbol file LoadedFromMemory is not a mono symbol file
Symbol file data-0000020D9A84A010 doesn't match image C:\Users\fluke\Documents\GitHub\BVW-Unity-VR\VR Room Project\Library\ScriptAssemblies\Unity.TextMeshPro.Editor.dll
Symbol file LoadedFromMemory is not a mono symbol file
Symbol file data-0000020D989CF020 doesn't match image C:\Users\fluke\Documents\GitHub\BVW-Unity-VR\VR Room Project\Library\ScriptAssemblies\UnityEditor.TestRunner.dll
Symbol file LoadedFromMemory is not a mono symbol file
Symbol file data-0000020DA31C5010 doesn't match image C:\Users\fluke\Documents\GitHub\BVW-Unity-VR\VR Room Project\Library\ScriptAssemblies\Unity.Searcher.Editor.dll
Symbol file LoadedFromMemory is not a mono symbol file
Symbol file data-0000020DA2F052D0 doesn't match image C:\Users\fluke\Documents\GitHub\BVW-Unity-VR\VR Room Project\Library\ScriptAssemblies\Unity.ShaderGraph.Utilities.dll
Symbol file LoadedFromMemory is not a mono symbol file
Symbol file data-0000020D96C6F010 doesn't match image C:\Users\fluke\Documents\GitHub\BVW-Unity-VR\VR Room Project\Library\ScriptAssemblies\Unity.ProBuilder.dll
Symbol file LoadedFromMemory is not a mono symbol file
Symbol file data-0000020D726562D0 doesn't match image C:\Users\fluke\Documents\GitHub\BVW-Unity-VR\VR Room Project\Library\ScriptAssemblies\UnityEditor.UI.dll
Symbol file LoadedFromMemory is not a mono symbol file
Symbol file data-0000020D9BA56020 doesn't match image C:\Users\fluke\Documents\GitHub\BVW-Unity-VR\VR Room Project\Library\ScriptAssemblies\Unity.InputSystem.dll
Symbol file LoadedFromMemory is not a mono symbol file
Symbol file data-0000020D97E1B010 doesn't match image C:\Users\fluke\Documents\GitHub\BVW-Unity-VR\VR Room Project\Library\ScriptAssemblies\Unity.Rider.Editor.dll
Symbol file LoadedFromMemory is not a mono symbol file
Symbol file data-0000020D9F5A2A80 doesn't match image C:\Users\fluke\Documents\GitHub\BVW-Unity-VR\VR Room Project\Library\ScriptAssemblies\Unity.RenderPipelines.Core.ShaderLibrary.dll
Symbol file LoadedFromMemory is not a mono symbol file
Symbol file data-0000020D9B8C0600 doesn't match image C:\Users\fluke\Documents\GitHub\BVW-Unity-VR\VR Room Project\Library\ScriptAssemblies\UnityEngine.UI.dll
Symbol file LoadedFromMemory is not a mono symbol file
Symbol file data-0000020DA21868F0 doesn't match image C:\Users\fluke\Documents\GitHub\BVW-Unity-VR\VR Room Project\Library\ScriptAssemblies\UnityEngine.SpatialTracking.dll
Symbol file LoadedFromMemory is not a mono symbol file
Symbol file data-0000020DA3282050 doesn't match image C:\Users\fluke\Documents\GitHub\BVW-Unity-VR\VR Room Project\Library\ScriptAssemblies\Unity.ProBuilder.Poly2Tri.dll
Symbol file LoadedFromMemory is not a mono symbol file
Symbol file data-0000020D9BA56020 doesn't match image C:\Users\fluke\Documents\GitHub\BVW-Unity-VR\VR Room Project\Library\ScriptAssemblies\Unity.ShaderGraph.Editor.dll
Symbol file LoadedFromMemory is not a mono symbol file
Symbol file data-0000020D9B8C0600 doesn't match image C:\Users\fluke\Documents\GitHub\BVW-Unity-VR\VR Room Project\Library\ScriptAssemblies\Cinemachine.dll
Symbol file LoadedFromMemory is not a mono symbol file
Symbol file data-0000020D9A84A010 doesn't match image C:\Users\fluke\Documents\GitHub\BVW-Unity-VR\VR Room Project\Library\ScriptAssemblies\com.unity.cinemachine.editor.dll
Symbol file LoadedFromMemory is not a mono symbol file
Symbol file data-0000020DA31C5010 doesn't match image C:\Users\fluke\Documents\GitHub\BVW-Unity-VR\VR Room Project\Library\ScriptAssemblies\Unity.Settings.Editor.dll
Symbol file LoadedFromMemory is not a mono symbol file
Symbol file data-0000020D72398D80 doesn't match image C:\Users\fluke\Documents\GitHub\BVW-Unity-VR\VR Room Project\Library\ScriptAssemblies\Unity.RenderPipeline.Universal.ShaderLibrary.dll
Symbol file LoadedFromMemory is not a mono symbol file
Symbol file data-0000020D72B89520 doesn't match image C:\Users\fluke\Documents\GitHub\BVW-Unity-VR\VR Room Project\Library\ScriptAssemblies\Unity.XR.Management.dll
Symbol file LoadedFromMemory is not a mono symbol file
Symbol file data-0000020D9C78D020 doesn't match image C:\Users\fluke\Documents\GitHub\BVW-Unity-VR\VR Room Project\Library\ScriptAssemblies\Unity.CollabProxy.Editor.dll
Symbol file LoadedFromMemory is not a mono symbol file
Symbol file data-0000020D98411060 doesn't match image C:\Users\fluke\Documents\GitHub\BVW-Unity-VR\VR Room Project\Library\ScriptAssemblies\Unity.Mathematics.Editor.dll
Symbol file LoadedFromMemory is not a mono symbol file
Symbol file data-0000020DA33C23B0 doesn't match image C:\Users\fluke\Documents\GitHub\BVW-Unity-VR\VR Room Project\Library\ScriptAssemblies\Unity.XR.OpenXR.Features.RuntimeDebugger.dll
Symbol file LoadedFromMemory is not a mono symbol file
Symbol file data-0000020D9A4A8CC0 doesn't match image C:\Users\fluke\Documents\GitHub\BVW-Unity-VR\VR Room Project\Library\ScriptAssemblies\Unity.XR.Oculus.Editor.dll
Symbol file LoadedFromMemory is not a mono symbol file
Symbol file data-0000020D97743610 doesn't match image C:\Users\fluke\Documents\GitHub\BVW-Unity-VR\VR Room Project\Library\ScriptAssemblies\Unity.ProGrids.dll
Symbol file LoadedFromMemory is not a mono symbol file
Symbol file data-0000020D9F9FC050 doesn't match image C:\Users\fluke\Documents\GitHub\BVW-Unity-VR\VR Room Project\Library\ScriptAssemblies\Unity.XR.OpenXR.Features.MockDriver.dll
Symbol file LoadedFromMemory is not a mono symbol file
Symbol file data-0000020D97174010 doesn't match image C:\Users\fluke\Documents\GitHub\BVW-Unity-VR\VR Room Project\Library\ScriptAssemblies\Unity.RenderPipelines.Universal.Runtime.dll
Symbol file LoadedFromMemory is not a mono symbol file
Symbol file data-0000020DA2F4DBA0 doesn't match image C:\Users\fluke\Documents\GitHub\BVW-Unity-VR\VR Room Project\Library\ScriptAssemblies\Unity.ProBuilder.AddOns.Editor.dll
Symbol file LoadedFromMemory is not a mono symbol file
Symbol file data-0000020D9B8D5C10 doesn't match image C:\Users\fluke\Documents\GitHub\BVW-Unity-VR\VR Room Project\Library\ScriptAssemblies\Unity.VisualStudio.Editor.dll
Symbol file LoadedFromMemory is not a mono symbol file
Symbol file data-0000020DA0162680 doesn't match image C:\Users\fluke\Documents\GitHub\BVW-Unity-VR\VR Room Project\Library\ScriptAssemblies\Unity.XR.OpenXR.Features.OculusQuestSupport.Editor.dll
Symbol file LoadedFromMemory is not a mono symbol file
Symbol file data-0000020D9C78D020 doesn't match image C:\Users\fluke\Documents\GitHub\BVW-Unity-VR\VR Room Project\Library\ScriptAssemblies\UnityEngine.TestRunner.dll
Symbol file LoadedFromMemory is not a mono symbol file
Symbol file data-0000020D722080F0 doesn't match image C:\Users\fluke\Documents\GitHub\BVW-Unity-VR\VR Room Project\Library\ScriptAssemblies\Unity.XR.Management.Editor.dll
Symbol file LoadedFromMemory is not a mono symbol file
Symbol file data-0000020D723899B0 doesn't match image C:\Users\fluke\Documents\GitHub\BVW-Unity-VR\VR Room Project\Library\ScriptAssemblies\Unity.Timeline.dll
Symbol file LoadedFromMemory is not a mono symbol file
Symbol file data-0000020D96C1B010 doesn't match image C:\Users\fluke\Documents\GitHub\BVW-Unity-VR\VR Room Project\Library\ScriptAssemblies\Unity.TextMeshPro.dll
Symbol file LoadedFromMemory is not a mono symbol file
Symbol file data-0000020D9C7FD020 doesn't match image C:\Users\fluke\Documents\GitHub\BVW-Unity-VR\VR Room Project\Library\ScriptAssemblies\Unity.XR.Interaction.Toolkit.dll
Symbol file LoadedFromMemory is not a mono symbol file
Symbol file data-0000020D7265FF50 doesn't match image C:\Users\fluke\Documents\GitHub\BVW-Unity-VR\VR Room Project\Library\ScriptAssemblies\Unity.ProBuilder.Csg.dll
Symbol file LoadedFromMemory is not a mono symbol file
Symbol file data-0000020D47184C00 doesn't match image C:\Users\fluke\Documents\GitHub\BVW-Unity-VR\VR Room Project\Library\ScriptAssemblies\Unity.XR.OpenXR.Features.MockRuntime.dll
Symbol file LoadedFromMemory is not a mono symbol file
Symbol file data-0000020D9A84A010 doesn't match image C:\Users\fluke\Documents\GitHub\BVW-Unity-VR\VR Room Project\Library\ScriptAssemblies\Unity.2D.Sprite.Editor.dll
Symbol file LoadedFromMemory is not a mono symbol file
Symbol file data-0000020D9C7FD020 doesn't match image C:\Users\fluke\Documents\GitHub\BVW-Unity-VR\VR Room Project\Library\ScriptAssemblies\Unity.RenderPipelines.Core.Runtime.dll
Symbol file LoadedFromMemory is not a mono symbol file
Symbol file data-0000020D96A7F4A0 doesn't match image C:\Users\fluke\Documents\GitHub\BVW-Unity-VR\VR Room Project\Library\ScriptAssemblies\Unity.Subsystem.Registration.dll
Symbol file LoadedFromMemory is not a mono symbol file
Symbol file data-0000020D967E0080 doesn't match image C:\Users\fluke\Documents\GitHub\BVW-Unity-VR\VR Room Project\Library\ScriptAssemblies\Unity.ProBuilder.Editor.dll
Symbol file LoadedFromMemory is not a mono symbol file
Symbol file data-0000020D969EB840 doesn't match image C:\Users\fluke\Documents\GitHub\BVW-Unity-VR\VR Room Project\Library\ScriptAssemblies\Unity.PlasticSCM.Editor.dll
Symbol file LoadedFromMemory is not a mono symbol file
Symbol file data-0000020D9718E220 doesn't match image C:\Users\fluke\Documents\GitHub\BVW-Unity-VR\VR Room Project\Library\ScriptAssemblies\Unity.ProGrids.Editor.dll
Symbol file LoadedFromMemory is not a mono symbol file
Symbol file data-0000020DA1978690 doesn't match image C:\Users\fluke\Documents\GitHub\BVW-Unity-VR\VR Room Project\Library\ScriptAssemblies\Unity.XR.OpenXR.Features.OculusQuestSupport.dll
Symbol file LoadedFromMemory is not a mono symbol file
Symbol file data-0000020D72513010 doesn't match image C:\Users\fluke\Documents\GitHub\BVW-Unity-VR\VR Room Project\Library\ScriptAssemblies\Unity.Mathematics.dll
Symbol file LoadedFromMemory is not a mono symbol file
Symbol file data-0000020D9684F220 doesn't match image C:\Users\fluke\Documents\GitHub\BVW-Unity-VR\VR Room Project\Library\ScriptAssemblies\Unity.ProBuilder.KdTree.dll
Symbol file LoadedFromMemory is not a mono symbol file
Symbol file data-0000020DA2F06CB0 doesn't match image C:\Users\fluke\Documents\GitHub\BVW-Unity-VR\VR Room Project\Library\ScriptAssemblies\Unity.XR.OpenXR.TestHelpers.dll
Symbol file LoadedFromMemory is not a mono symbol file
Symbol file data-0000020D9C7FD020 doesn't match image C:\Users\fluke\Documents\GitHub\BVW-Unity-VR\VR Room Project\Library\ScriptAssemblies\Unity.RenderPipelines.Universal.Editor.dll
Symbol file LoadedFromMemory is not a mono symbol file
Symbol file data-0000020DA30E90B0 doesn't match image C:\Users\fluke\Documents\GitHub\BVW-Unity-VR\VR Room Project\Library\ScriptAssemblies\Unity.ProBuilder.AssetIdRemapUtility.dll
Symbol file LoadedFromMemory is not a mono symbol file
Symbol file data-0000020D723A9D50 doesn't match image C:\Users\fluke\Documents\GitHub\BVW-Unity-VR\VR Room Project\Library\ScriptAssemblies\UnityEngine.XR.LegacyInputHelpers.dll
Symbol file LoadedFromMemory is not a mono symbol file
Symbol file data-0000020D72B89520 doesn't match image C:\Users\fluke\Documents\GitHub\BVW-Unity-VR\VR Room Project\Library\ScriptAssemblies\Unity.ProBuilder.Stl.dll
Symbol file LoadedFromMemory is not a mono symbol file
Symbol file data-0000020D97463220 doesn't match image C:\Users\fluke\Documents\GitHub\BVW-Unity-VR\VR Room Project\Library\ScriptAssemblies\Unity.XR.OpenXR.Editor.dll
Symbol file LoadedFromMemory is not a mono symbol file
Symbol file data-0000020D9F5A2880 doesn't match image C:\Users\fluke\Documents\GitHub\BVW-Unity-VR\VR Room Project\Library\ScriptAssemblies\Unity.RenderPipelines.ShaderGraph.ShaderGraphLibrary.dll
Symbol file LoadedFromMemory is not a mono symbol file
Symbol file data-0000020D969EB840 doesn't match image C:\Users\fluke\Documents\GitHub\BVW-Unity-VR\VR Room Project\Library\ScriptAssemblies\Unity.Timeline.Editor.dll
Symbol file LoadedFromMemory is not a mono symbol file
Symbol file data-0000020D98411060 doesn't match image C:\Users\fluke\Documents\GitHub\BVW-Unity-VR\VR Room Project\Library\ScriptAssemblies\UnityEditor.XR.LegacyInputHelpers.dll
Symbol file LoadedFromMemory is not a mono symbol file
Symbol file data-0000020D97FB1040 doesn't match image C:\Users\fluke\Documents\GitHub\BVW-Unity-VR\VR Room Project\Library\ScriptAssemblies\Unity.XR.OpenXR.dll
Symbol file LoadedFromMemory is not a mono symbol file
Symbol file data-0000020D97FB1040 doesn't match image C:\Users\fluke\Documents\GitHub\BVW-Unity-VR\VR Room Project\Library\ScriptAssemblies\Unity.XR.Interaction.Toolkit.Editor.dll
Symbol file LoadedFromMemory is not a mono symbol file
Symbol file data-0000020D97D66430 doesn't match image C:\Users\fluke\Documents\GitHub\BVW-Unity-VR\VR Room Project\Library\ScriptAssemblies\Unity.XR.Oculus.dll
Symbol file LoadedFromMemory is not a mono symbol file
Symbol file data-0000020DA0161240 doesn't match image C:\Users\fluke\Documents\GitHub\BVW-Unity-VR\VR Room Project\Library\ScriptAssemblies\UnityEditor.SpatialTracking.dll
Symbol file LoadedFromMemory is not a mono symbol file
Symbol file data-0000020D9735D060 doesn't match image C:\Users\fluke\Documents\GitHub\BVW-Unity-VR\VR Room Project\Library\ScriptAssemblies\Unity.XR.OpenXR.Features.ConformanceAutomation.dll
Symbol file LoadedFromMemory is not a mono symbol file
Symbol file data-0000020D721DD3F0 doesn't match image C:\Users\fluke\Documents\GitHub\BVW-Unity-VR\VR Room Project\Library\ScriptAssemblies\Unity.RenderPipelines.Core.Editor.dll
Symbol file LoadedFromMemory is not a mono symbol file
Symbol file data-0000020D47184C00 doesn't match image C:\Users\fluke\Documents\GitHub\BVW-Unity-VR\VR Room Project\Library\ScriptAssemblies\Unity.XR.OpenXR.Features.RuntimeDebugger.Editor.dll
Symbol file LoadedFromMemory is not a mono symbol file
Native extension for WindowsStandalone target not found
Native extension for OSXStandalone target not found
Native extension for WebGL target not found
Refreshing native plugins compatible for Editor in 1.06 ms, found 10 plugins.
Preloading 1 native plugins for Editor in 0.12 ms.
System.Reflection.TargetInvocationException: Exception has been thrown by the target of an invocation. ---> System.NullReferenceException: Object reference not set to an instance of an object
  at Unity.XR.Oculus.OculusLoader.AssetPathToAbsolutePath (System.String assetPath) [0x0004e] in <ab6bdb82201f40fb8d9265329f496d81>:0 
  at Unity.XR.Oculus.OculusLoader.EditorLoadOVRPlugin () [0x0007b] in <ab6bdb82201f40fb8d9265329f496d81>:0 
  at (wrapper managed-to-native) System.Reflection.MonoMethod.InternalInvoke(System.Reflection.MonoMethod,object,object[],System.Exception&)
  at System.Reflection.MonoMethod.Invoke (System.Object obj, System.Reflection.BindingFlags invokeAttr, System.Reflection.Binder binder, System.Object[] parameters, System.Globalization.CultureInfo culture) [0x00032] in <695d1cc93cca45069c528c15c9fdd749>:0 
   --- End of inner exception stack trace ---
  at System.Reflection.MonoMethod.Invoke (System.Object obj, System.Reflection.BindingFlags invokeAttr, System.Reflection.Binder binder, System.Object[] parameters, System.Globalization.CultureInfo culture) [0x00048] in <695d1cc93cca45069c528c15c9fdd749>:0 
  at System.Reflection.MethodBase.Invoke (System.Object obj, System.Object[] parameters) [0x00000] in <695d1cc93cca45069c528c15c9fdd749>:0 
  at UnityEditor.EditorAssemblies.ProcessInitializeOnLoadMethodAttributes () [0x00047] in <d0e4b8c1204147f3935b6e9c8b8565ad>:0 
UnityEngine.StackTraceUtility:ExtractStackTrace ()
UnityEngine.DebugLogHandler:LogFormat (UnityEngine.LogType,UnityEngine.Object,string,object[])
UnityEngine.Logger:Log (UnityEngine.LogType,object)
UnityEngine.Debug:LogError (object)
UnityEditor.EditorAssemblies:ProcessInitializeOnLoadMethodAttributes ()

Mono: successfully reloaded assembly
- Completed reload, in  1.439 seconds
Domain Reload Profiling:
	ReloadAssembly (1441ms)
		BeginReloadAssembly (181ms)
			ExecutionOrderSort (0ms)
			DisableScriptedObjects (9ms)
			BackupInstance (0ms)
			ReleaseScriptingObjects (0ms)
			CreateAndSetChildDomain (69ms)
		EndReloadAssembly (1197ms)
			LoadAssemblies (108ms)
			RebuildTransferFunctionScriptingTraits (0ms)
			SetupTypeCache (332ms)
			ReleaseScriptCaches (1ms)
			RebuildScriptCaches (44ms)
			SetupLoadedEditorAssemblies (453ms)
				LogAssemblyErrors (0ms)
				InitializePlatformSupportModulesInManaged (7ms)
				SetLoadedEditorAssemblies (1ms)
				RefreshPlugins (1ms)
				BeforeProcessingInitializeOnLoad (110ms)
				ProcessInitializeOnLoadAttributes (316ms)
				ProcessInitializeOnLoadMethodAttributes (11ms)
				AfterProcessingInitializeOnLoad (7ms)
				EditorAssembliesLoaded (0ms)
			ExecutionOrderSort2 (0ms)
			AwakeInstancesAfterBackupRestoration (10ms)
Platform modules already initialized, skipping
Refreshing native plugins compatible for Editor in 1.05 ms, found 10 plugins.
Preloading 1 native plugins for Editor in 0.10 ms.
Unloading 3764 Unused Serialized files (Serialized files now loaded: 0)
System memory in use before: 250.7 MB.
System memory in use after: 250.9 MB.

Unloading 35 unused Assets to reduce memory usage. Loaded Objects now: 4441.
Total: 4.089600 ms (FindLiveObjects: 0.328500 ms CreateObjectMapping: 0.183900 ms MarkObjects: 3.485000 ms  DeleteObjects: 0.091300 ms)

AssetImportParameters requested are different than current active one (requested -> active):
  custom:framework-win-MediaFoundation: 216162199b28c13a410421893ffa2e32 -> 
  custom:video-decoder-ogg-theora: a1e56fd34408186e4bbccfd4996cb3dc -> 
  custom:container-muxer-webm: aa71ff27fc2769a1b78a27578f13a17b -> 
  custom:container-demuxer-webm: 4f35f7cbe854078d1ac9338744f61a02 -> 
  custom:container-demuxer-ogg: 62fdf1f143b41e24485cea50d1cbac27 -> 
  custom:video-encoder-webm-vp8: eb34c28f22e8b96e1ab97ce403110664 -> 
  custom:video-codec-MediaFoundation-h265: 746d11721c4dcdbdad8f713fa42b33f4 -> 
  custom:video-decoder-webm-vp8: 9c59270c3fd7afecdb556c50c9e8de78 -> 
  custom:audio-decoder-ogg-vorbis: bf7c407c2cedff20999df2af8eb42d56 -> 
  custom:audio-encoder-webm-vorbis: bf7c407c2cedff20999df2af8eb42d56 -> 
========================================================================
Received Import Request.
  Time since last request: 5581.299540 seconds.
  path: ProjectSettings/TagManager.asset
  artifactKey: Guid(00000000000000003000000000000000) Importer(815301076,1909f56bfc062723c751e8b465ee728b)
Start importing ProjectSettings/TagManager.asset using Guid(00000000000000003000000000000000) Importer(815301076,1909f56bfc062723c751e8b465ee728b)  -> (artifact id: '2181e748065855385147a1d853f4b57d') in 0.115650 seconds 
  Import took 0.126823 seconds .

========================================================================
Received Import Request.
  Time since last request: 331.287058 seconds.
  path: Packages/com.unity.render-pipelines.universal/Runtime/Materials/ParticlesUnlit.mat
  artifactKey: Guid(e823cd5b5d27c0f4b8256e7c12ee3e6d) Importer(815301076,1909f56bfc062723c751e8b465ee728b)
Start importing Packages/com.unity.render-pipelines.universal/Runtime/Materials/ParticlesUnlit.mat using Guid(e823cd5b5d27c0f4b8256e7c12ee3e6d) Importer(815301076,1909f56bfc062723c751e8b465ee728b)  -> (artifact id: '92a855a8cf7f7f44436ed5619e2fc009') in 0.193574 seconds 
  Import took 0.202821 seconds .

========================================================================
Received Import Request.
  Time since last request: 254.986967 seconds.
  path: Assets/_Course Library/Scripts/Actions/ToggleRay.cs
  artifactKey: Guid(cf14522d53cc1594991c164e785780dc) Importer(815301076,1909f56bfc062723c751e8b465ee728b)
Start importing Assets/_Course Library/Scripts/Actions/ToggleRay.cs using Guid(cf14522d53cc1594991c164e785780dc) Importer(815301076,1909f56bfc062723c751e8b465ee728b)  -> (artifact id: 'a2ed33b8709414d33b6f4d6717150784') in 0.011966 seconds 
  Import took 0.044772 seconds .

